2017-05-24 17:44:29.594 DEBUG 3041 --- [restartedMain] o.s.w.c.s.StandardServletEnvironment     : Adding [servletConfigInitParams] PropertySource with lowest search precedence
2017-05-24 17:44:29.595 DEBUG 3041 --- [restartedMain] o.s.w.c.s.StandardServletEnvironment     : Adding [servletContextInitParams] PropertySource with lowest search precedence
2017-05-24 17:44:29.596 DEBUG 3041 --- [restartedMain] o.s.w.c.s.StandardServletEnvironment     : Adding [systemProperties] PropertySource with lowest search precedence
2017-05-24 17:44:29.596 DEBUG 3041 --- [restartedMain] o.s.w.c.s.StandardServletEnvironment     : Adding [systemEnvironment] PropertySource with lowest search precedence
2017-05-24 17:44:29.596 DEBUG 3041 --- [restartedMain] o.s.w.c.s.StandardServletEnvironment     : Initialized StandardServletEnvironment with PropertySources [servletConfigInitParams,servletContextInitParams,systemProperties,systemEnvironment]
2017-05-24 17:44:34.638  INFO 3041 --- [restartedMain] cn.reawei.api.ApiReaweiApplication       : Starting ApiReaweiApplication on dev.local with PID 3041 (/Users/xingwu/workspace/api-reawei/target/classes started by xingwu in /Users/xingwu/workspace/api-reawei)
2017-05-24 17:44:34.638  INFO 3041 --- [restartedMain] cn.reawei.api.ApiReaweiApplication       : No active profile set, falling back to default profiles: default
2017-05-24 17:44:34.669  INFO 3041 --- [restartedMain] ationConfigEmbeddedWebApplicationContext : Refreshing org.springframework.boot.context.embedded.AnnotationConfigEmbeddedWebApplicationContext@86617ae: startup date [Wed May 24 17:44:34 CST 2017]; root of context hierarchy
2017-05-24 17:44:34.726 DEBUG 3041 --- [restartedMain] o.s.w.c.s.StandardServletEnvironment     : Adding [class path resource [properties/jdbc.properties]] PropertySource with lowest search precedence
2017-05-24 17:44:35.300 DEBUG 3041 --- [restartedMain] o.s.w.c.s.StandardServletEnvironment     : Adding [applicationConfig: [classpath:/application.properties]] PropertySource with search precedence immediately lower than [applicationConfigurationProperties]
2017-05-24 17:44:35.300 DEBUG 3041 --- [restartedMain] o.s.w.c.s.StandardServletEnvironment     : Removing [applicationConfigurationProperties] PropertySource
2017-05-24 17:44:35.301 DEBUG 3041 --- [restartedMain] o.s.w.c.s.StandardServletEnvironment     : Removing [defaultProperties] PropertySource
2017-05-24 17:44:40.803  INFO 3041 --- [restartedMain] org.eclipse.jetty.util.log               : Logging initialized @16904ms to org.eclipse.jetty.util.log.Slf4jLog
2017-05-24 17:44:40.899  INFO 3041 --- [restartedMain] e.j.JettyEmbeddedServletContainerFactory : Server initialized with port: 8089
2017-05-24 17:44:40.900  INFO 3041 --- [restartedMain] org.eclipse.jetty.server.Server          : jetty-9.4.4.v20170414
2017-05-24 17:44:40.962  INFO 3041 --- [restartedMain] org.eclipse.jetty.server.session         : DefaultSessionIdManager workerName=node0
2017-05-24 17:44:40.963  INFO 3041 --- [restartedMain] org.eclipse.jetty.server.session         : No SessionScavenger set, using defaults
2017-05-24 17:44:40.964  INFO 3041 --- [restartedMain] org.eclipse.jetty.server.session         : Scavenging every 600000ms
2017-05-24 17:44:40.968  INFO 3041 --- [restartedMain] o.e.j.s.h.ContextHandler.application     : Initializing Spring embedded WebApplicationContext
2017-05-24 17:44:40.968 DEBUG 3041 --- [restartedMain] o.s.web.context.ContextLoader            : Published root WebApplicationContext as ServletContext attribute with name [org.springframework.web.context.WebApplicationContext.ROOT]
2017-05-24 17:44:40.968  INFO 3041 --- [restartedMain] o.s.web.context.ContextLoader            : Root WebApplicationContext: initialization completed in 6301 ms
2017-05-24 17:44:41.034 DEBUG 3041 --- [restartedMain] o.s.w.c.s.StandardServletEnvironment     : Adding [servletConfigInitParams] PropertySource with lowest search precedence
2017-05-24 17:44:41.034 DEBUG 3041 --- [restartedMain] o.s.w.c.s.StandardServletEnvironment     : Adding [servletContextInitParams] PropertySource with lowest search precedence
2017-05-24 17:44:41.034 DEBUG 3041 --- [restartedMain] o.s.w.c.s.StandardServletEnvironment     : Adding [systemProperties] PropertySource with lowest search precedence
2017-05-24 17:44:41.034 DEBUG 3041 --- [restartedMain] o.s.w.c.s.StandardServletEnvironment     : Adding [systemEnvironment] PropertySource with lowest search precedence
2017-05-24 17:44:41.034 DEBUG 3041 --- [restartedMain] o.s.w.c.s.StandardServletEnvironment     : Initialized StandardServletEnvironment with PropertySources [servletConfigInitParams,servletContextInitParams,systemProperties,systemEnvironment]
2017-05-24 17:44:41.051 DEBUG 3041 --- [restartedMain] o.s.w.c.s.StandardServletEnvironment     : Adding [servletConfigInitParams] PropertySource with lowest search precedence
2017-05-24 17:44:41.051 DEBUG 3041 --- [restartedMain] o.s.w.c.s.StandardServletEnvironment     : Adding [servletContextInitParams] PropertySource with lowest search precedence
2017-05-24 17:44:41.051 DEBUG 3041 --- [restartedMain] o.s.w.c.s.StandardServletEnvironment     : Adding [systemProperties] PropertySource with lowest search precedence
2017-05-24 17:44:41.051 DEBUG 3041 --- [restartedMain] o.s.w.c.s.StandardServletEnvironment     : Adding [systemEnvironment] PropertySource with lowest search precedence
2017-05-24 17:44:41.052 DEBUG 3041 --- [restartedMain] o.s.w.c.s.StandardServletEnvironment     : Initialized StandardServletEnvironment with PropertySources [servletConfigInitParams,servletContextInitParams,systemProperties,systemEnvironment]
2017-05-24 17:44:41.058 DEBUG 3041 --- [restartedMain] o.s.w.c.s.StandardServletEnvironment     : Adding [servletConfigInitParams] PropertySource with lowest search precedence
2017-05-24 17:44:41.058 DEBUG 3041 --- [restartedMain] o.s.w.c.s.StandardServletEnvironment     : Adding [servletContextInitParams] PropertySource with lowest search precedence
2017-05-24 17:44:41.058 DEBUG 3041 --- [restartedMain] o.s.w.c.s.StandardServletEnvironment     : Adding [systemProperties] PropertySource with lowest search precedence
2017-05-24 17:44:41.058 DEBUG 3041 --- [restartedMain] o.s.w.c.s.StandardServletEnvironment     : Adding [systemEnvironment] PropertySource with lowest search precedence
2017-05-24 17:44:41.058 DEBUG 3041 --- [restartedMain] o.s.w.c.s.StandardServletEnvironment     : Initialized StandardServletEnvironment with PropertySources [servletConfigInitParams,servletContextInitParams,systemProperties,systemEnvironment]
2017-05-24 17:44:41.067 DEBUG 3041 --- [restartedMain] o.s.w.c.s.StandardServletEnvironment     : Adding [servletConfigInitParams] PropertySource with lowest search precedence
2017-05-24 17:44:41.067 DEBUG 3041 --- [restartedMain] o.s.w.c.s.StandardServletEnvironment     : Adding [servletContextInitParams] PropertySource with lowest search precedence
2017-05-24 17:44:41.067 DEBUG 3041 --- [restartedMain] o.s.w.c.s.StandardServletEnvironment     : Adding [systemProperties] PropertySource with lowest search precedence
2017-05-24 17:44:41.067 DEBUG 3041 --- [restartedMain] o.s.w.c.s.StandardServletEnvironment     : Adding [systemEnvironment] PropertySource with lowest search precedence
2017-05-24 17:44:41.068 DEBUG 3041 --- [restartedMain] o.s.w.c.s.StandardServletEnvironment     : Initialized StandardServletEnvironment with PropertySources [servletConfigInitParams,servletContextInitParams,systemProperties,systemEnvironment]
2017-05-24 17:44:41.084  INFO 3041 --- [restartedMain] o.s.b.w.servlet.ServletRegistrationBean  : Mapping servlet: 'dispatcherServlet' to [/]
2017-05-24 17:44:41.086  INFO 3041 --- [restartedMain] o.s.b.w.servlet.FilterRegistrationBean   : Mapping filter: 'characterEncodingFilter' to: [/*]
2017-05-24 17:44:41.086  INFO 3041 --- [restartedMain] o.s.b.w.servlet.FilterRegistrationBean   : Mapping filter: 'hiddenHttpMethodFilter' to: [/*]
2017-05-24 17:44:41.086  INFO 3041 --- [restartedMain] o.s.b.w.servlet.FilterRegistrationBean   : Mapping filter: 'httpPutFormContentFilter' to: [/*]
2017-05-24 17:44:41.086  INFO 3041 --- [restartedMain] o.s.b.w.servlet.FilterRegistrationBean   : Mapping filter: 'requestContextFilter' to: [/*]
2017-05-24 17:44:41.256  INFO 3041 --- [restartedMain] o.e.jetty.server.handler.ContextHandler  : Started o.s.b.c.e.j.JettyEmbeddedWebAppContext@5837ca7{/,[file:///private/var/folders/rl/6by5yf8n4xg7_dbzp9186sq00000gn/T/jetty-docbase.944916348251305197.8089/],AVAILABLE}
2017-05-24 17:44:41.256  INFO 3041 --- [restartedMain] org.eclipse.jetty.server.Server          : Started @17358ms
2017-05-24 17:44:41.257 DEBUG 3041 --- [restartedMain] o.s.w.c.s.StandardServletEnvironment     : Replacing [servletContextInitParams] PropertySource with [servletContextInitParams]
2017-05-24 17:44:41.808  INFO 3041 --- [restartedMain] s.w.s.m.m.a.RequestMappingHandlerAdapter : Looking for @ControllerAdvice: org.springframework.boot.context.embedded.AnnotationConfigEmbeddedWebApplicationContext@86617ae: startup date [Wed May 24 17:44:34 CST 2017]; root of context hierarchy
2017-05-24 17:44:41.841 DEBUG 3041 --- [restartedMain] s.w.s.m.m.a.RequestMappingHandlerMapping : Looking for request mappings in application context: org.springframework.boot.context.embedded.AnnotationConfigEmbeddedWebApplicationContext@86617ae: startup date [Wed May 24 17:44:34 CST 2017]; root of context hierarchy
2017-05-24 17:44:41.848 DEBUG 3041 --- [restartedMain] s.w.s.m.m.a.RequestMappingHandlerMapping : 3 request handler methods found on class cn.reawei.api.controller.DemoController: {public java.lang.String cn.reawei.api.controller.DemoController.getAddress()={[/user]}, public java.lang.String cn.reawei.api.controller.DemoController.getCache()={[/cache]}, public java.lang.String cn.reawei.api.controller.DemoController.hello()={[/test]}}
2017-05-24 17:44:41.848  INFO 3041 --- [restartedMain] s.w.s.m.m.a.RequestMappingHandlerMapping : Mapped "{[/user]}" onto public java.lang.String cn.reawei.api.controller.DemoController.getAddress()
2017-05-24 17:44:41.849  INFO 3041 --- [restartedMain] s.w.s.m.m.a.RequestMappingHandlerMapping : Mapped "{[/cache]}" onto public java.lang.String cn.reawei.api.controller.DemoController.getCache()
2017-05-24 17:44:41.849  INFO 3041 --- [restartedMain] s.w.s.m.m.a.RequestMappingHandlerMapping : Mapped "{[/test]}" onto public java.lang.String cn.reawei.api.controller.DemoController.hello()
2017-05-24 17:44:41.851 DEBUG 3041 --- [restartedMain] s.w.s.m.m.a.RequestMappingHandlerMapping : 2 request handler methods found on class org.springframework.boot.autoconfigure.web.BasicErrorController: {public org.springframework.http.ResponseEntity org.springframework.boot.autoconfigure.web.BasicErrorController.error(javax.servlet.http.HttpServletRequest)={[/error]}, public org.springframework.web.servlet.ModelAndView org.springframework.boot.autoconfigure.web.BasicErrorController.errorHtml(javax.servlet.http.HttpServletRequest,javax.servlet.http.HttpServletResponse)={[/error],produces=[text/html]}}
2017-05-24 17:44:41.853  INFO 3041 --- [restartedMain] s.w.s.m.m.a.RequestMappingHandlerMapping : Mapped "{[/error]}" onto public org.springframework.http.ResponseEntity<java.util.Map<java.lang.String, java.lang.Object>> org.springframework.boot.autoconfigure.web.BasicErrorController.error(javax.servlet.http.HttpServletRequest)
2017-05-24 17:44:41.853  INFO 3041 --- [restartedMain] s.w.s.m.m.a.RequestMappingHandlerMapping : Mapped "{[/error],produces=[text/html]}" onto public org.springframework.web.servlet.ModelAndView org.springframework.boot.autoconfigure.web.BasicErrorController.errorHtml(javax.servlet.http.HttpServletRequest,javax.servlet.http.HttpServletResponse)
2017-05-24 17:44:41.869 DEBUG 3041 --- [restartedMain] o.s.w.s.h.BeanNameUrlHandlerMapping      : Looking for URL mappings in application context: org.springframework.boot.context.embedded.AnnotationConfigEmbeddedWebApplicationContext@86617ae: startup date [Wed May 24 17:44:34 CST 2017]; root of context hierarchy
2017-05-24 17:44:41.869 DEBUG 3041 --- [restartedMain] o.s.w.s.h.BeanNameUrlHandlerMapping      : Rejected bean name 'org.springframework.context.annotation.internalConfigurationAnnotationProcessor': no URL paths identified
2017-05-24 17:44:41.869 DEBUG 3041 --- [restartedMain] o.s.w.s.h.BeanNameUrlHandlerMapping      : Rejected bean name 'org.springframework.context.annotation.internalAutowiredAnnotationProcessor': no URL paths identified
2017-05-24 17:44:41.869 DEBUG 3041 --- [restartedMain] o.s.w.s.h.BeanNameUrlHandlerMapping      : Rejected bean name 'org.springframework.context.annotation.internalRequiredAnnotationProcessor': no URL paths identified
2017-05-24 17:44:41.869 DEBUG 3041 --- [restartedMain] o.s.w.s.h.BeanNameUrlHandlerMapping      : Rejected bean name 'org.springframework.context.annotation.internalCommonAnnotationProcessor': no URL paths identified
2017-05-24 17:44:41.869 DEBUG 3041 --- [restartedMain] o.s.w.s.h.BeanNameUrlHandlerMapping      : Rejected bean name 'org.springframework.context.event.internalEventListenerProcessor': no URL paths identified
2017-05-24 17:44:41.869 DEBUG 3041 --- [restartedMain] o.s.w.s.h.BeanNameUrlHandlerMapping      : Rejected bean name 'org.springframework.context.event.internalEventListenerFactory': no URL paths identified
2017-05-24 17:44:41.869 DEBUG 3041 --- [restartedMain] o.s.w.s.h.BeanNameUrlHandlerMapping      : Rejected bean name 'apiReaweiApplication': no URL paths identified
2017-05-24 17:44:41.869 DEBUG 3041 --- [restartedMain] o.s.w.s.h.BeanNameUrlHandlerMapping      : Rejected bean name 'org.springframework.boot.autoconfigure.internalCachingMetadataReaderFactory': no URL paths identified
2017-05-24 17:44:41.870 DEBUG 3041 --- [restartedMain] o.s.w.s.h.BeanNameUrlHandlerMapping      : Rejected bean name 'myBatisConfig': no URL paths identified
2017-05-24 17:44:41.870 DEBUG 3041 --- [restartedMain] o.s.w.s.h.BeanNameUrlHandlerMapping      : Rejected bean name 'demoController': no URL paths identified
2017-05-24 17:44:41.870 DEBUG 3041 --- [restartedMain] o.s.w.s.h.BeanNameUrlHandlerMapping      : Rejected bean name 'rwAddressService': no URL paths identified
2017-05-24 17:44:41.870 DEBUG 3041 --- [restartedMain] o.s.w.s.h.BeanNameUrlHandlerMapping      : Rejected bean name 'rwCacheService': no URL paths identified
2017-05-24 17:44:41.870 DEBUG 3041 --- [restartedMain] o.s.w.s.h.BeanNameUrlHandlerMapping      : Rejected bean name 'org.springframework.transaction.annotation.ProxyTransactionManagementConfiguration': no URL paths identified
2017-05-24 17:44:41.870 DEBUG 3041 --- [restartedMain] o.s.w.s.h.BeanNameUrlHandlerMapping      : Rejected bean name 'org.springframework.transaction.config.internalTransactionAdvisor': no URL paths identified
2017-05-24 17:44:41.870 DEBUG 3041 --- [restartedMain] o.s.w.s.h.BeanNameUrlHandlerMapping      : Rejected bean name 'transactionAttributeSource': no URL paths identified
2017-05-24 17:44:41.870 DEBUG 3041 --- [restartedMain] o.s.w.s.h.BeanNameUrlHandlerMapping      : Rejected bean name 'transactionInterceptor': no URL paths identified
2017-05-24 17:44:41.870 DEBUG 3041 --- [restartedMain] o.s.w.s.h.BeanNameUrlHandlerMapping      : Rejected bean name 'org.springframework.transaction.config.internalTransactionalEventListenerFactory': no URL paths identified
2017-05-24 17:44:41.870 DEBUG 3041 --- [restartedMain] o.s.w.s.h.BeanNameUrlHandlerMapping      : Rejected bean name 'dataSource': no URL paths identified
2017-05-24 17:44:41.870 DEBUG 3041 --- [restartedMain] o.s.w.s.h.BeanNameUrlHandlerMapping      : Rejected bean name 'jdbcTemplate': no URL paths identified
2017-05-24 17:44:41.870 DEBUG 3041 --- [restartedMain] o.s.w.s.h.BeanNameUrlHandlerMapping      : Rejected bean name 'org.springframework.aop.config.internalAutoProxyCreator': no URL paths identified
2017-05-24 17:44:41.870 DEBUG 3041 --- [restartedMain] o.s.w.s.h.BeanNameUrlHandlerMapping      : Rejected bean name 'org.springframework.cache.annotation.ProxyCachingConfiguration': no URL paths identified
2017-05-24 17:44:41.870 DEBUG 3041 --- [restartedMain] o.s.w.s.h.BeanNameUrlHandlerMapping      : Rejected bean name 'org.springframework.cache.config.internalCacheAdvisor': no URL paths identified
2017-05-24 17:44:41.870 DEBUG 3041 --- [restartedMain] o.s.w.s.h.BeanNameUrlHandlerMapping      : Rejected bean name 'cacheOperationSource': no URL paths identified
2017-05-24 17:44:41.870 DEBUG 3041 --- [restartedMain] o.s.w.s.h.BeanNameUrlHandlerMapping      : Rejected bean name 'cacheInterceptor': no URL paths identified
2017-05-24 17:44:41.870 DEBUG 3041 --- [restartedMain] o.s.w.s.h.BeanNameUrlHandlerMapping      : Rejected bean name 'org.springframework.boot.autoconfigure.AutoConfigurationPackages': no URL paths identified
2017-05-24 17:44:41.870 DEBUG 3041 --- [restartedMain] o.s.w.s.h.BeanNameUrlHandlerMapping      : Rejected bean name 'org.springframework.boot.autoconfigure.context.PropertyPlaceholderAutoConfiguration': no URL paths identified
2017-05-24 17:44:41.870 DEBUG 3041 --- [restartedMain] o.s.w.s.h.BeanNameUrlHandlerMapping      : Rejected bean name 'org.springframework.boot.autoconfigure.condition.BeanTypeRegistry': no URL paths identified
2017-05-24 17:44:41.871 DEBUG 3041 --- [restartedMain] o.s.w.s.h.BeanNameUrlHandlerMapping      : Rejected bean name 'propertySourcesPlaceholderConfigurer': no URL paths identified
2017-05-24 17:44:41.871 DEBUG 3041 --- [restartedMain] o.s.w.s.h.BeanNameUrlHandlerMapping      : Rejected bean name 'org.springframework.boot.autoconfigure.jackson.JacksonAutoConfiguration$Jackson2ObjectMapperBuilderCustomizerConfiguration': no URL paths identified
2017-05-24 17:44:41.871 DEBUG 3041 --- [restartedMain] o.s.w.s.h.BeanNameUrlHandlerMapping      : Rejected bean name 'standardJacksonObjectMapperBuilderCustomizer': no URL paths identified
2017-05-24 17:44:41.871 DEBUG 3041 --- [restartedMain] o.s.w.s.h.BeanNameUrlHandlerMapping      : Rejected bean name 'spring.jackson-org.springframework.boot.autoconfigure.jackson.JacksonProperties': no URL paths identified
2017-05-24 17:44:41.871 DEBUG 3041 --- [restartedMain] o.s.w.s.h.BeanNameUrlHandlerMapping      : Rejected bean name 'org.springframework.boot.context.properties.ConfigurationPropertiesBindingPostProcessor': no URL paths identified
2017-05-24 17:44:41.871 DEBUG 3041 --- [restartedMain] o.s.w.s.h.BeanNameUrlHandlerMapping      : Rejected bean name 'org.springframework.boot.context.properties.ConfigurationPropertiesBindingPostProcessor.store': no URL paths identified
2017-05-24 17:44:41.871 DEBUG 3041 --- [restartedMain] o.s.w.s.h.BeanNameUrlHandlerMapping      : Rejected bean name 'org.springframework.boot.autoconfigure.jackson.JacksonAutoConfiguration$JacksonObjectMapperBuilderConfiguration': no URL paths identified
2017-05-24 17:44:41.871 DEBUG 3041 --- [restartedMain] o.s.w.s.h.BeanNameUrlHandlerMapping      : Rejected bean name 'jacksonObjectMapperBuilder': no URL paths identified
2017-05-24 17:44:41.871 DEBUG 3041 --- [restartedMain] o.s.w.s.h.BeanNameUrlHandlerMapping      : Rejected bean name 'org.springframework.boot.autoconfigure.jackson.JacksonAutoConfiguration$JacksonObjectMapperConfiguration': no URL paths identified
2017-05-24 17:44:41.871 DEBUG 3041 --- [restartedMain] o.s.w.s.h.BeanNameUrlHandlerMapping      : Rejected bean name 'jacksonObjectMapper': no URL paths identified
2017-05-24 17:44:41.871 DEBUG 3041 --- [restartedMain] o.s.w.s.h.BeanNameUrlHandlerMapping      : Rejected bean name 'org.springframework.boot.autoconfigure.jackson.JacksonAutoConfiguration': no URL paths identified
2017-05-24 17:44:41.871 DEBUG 3041 --- [restartedMain] o.s.w.s.h.BeanNameUrlHandlerMapping      : Rejected bean name 'jsonComponentModule': no URL paths identified
2017-05-24 17:44:41.871 DEBUG 3041 --- [restartedMain] o.s.w.s.h.BeanNameUrlHandlerMapping      : Rejected bean name 'org.springframework.boot.autoconfigure.websocket.WebSocketAutoConfiguration$JettyWebSocketConfiguration': no URL paths identified
2017-05-24 17:44:41.871 DEBUG 3041 --- [restartedMain] o.s.w.s.h.BeanNameUrlHandlerMapping      : Rejected bean name 'websocketContainerCustomizer': no URL paths identified
2017-05-24 17:44:41.871 DEBUG 3041 --- [restartedMain] o.s.w.s.h.BeanNameUrlHandlerMapping      : Rejected bean name 'org.springframework.boot.autoconfigure.websocket.WebSocketAutoConfiguration$TomcatWebSocketConfiguration': no URL paths identified
2017-05-24 17:44:41.871 DEBUG 3041 --- [restartedMain] o.s.w.s.h.BeanNameUrlHandlerMapping      : Rejected bean name 'org.springframework.boot.autoconfigure.websocket.WebSocketAutoConfiguration': no URL paths identified
2017-05-24 17:44:41.871 DEBUG 3041 --- [restartedMain] o.s.w.s.h.BeanNameUrlHandlerMapping      : Rejected bean name 'org.springframework.boot.autoconfigure.web.EmbeddedServletContainerAutoConfiguration$EmbeddedJetty': no URL paths identified
2017-05-24 17:44:41.871 DEBUG 3041 --- [restartedMain] o.s.w.s.h.BeanNameUrlHandlerMapping      : Rejected bean name 'jettyEmbeddedServletContainerFactory': no URL paths identified
2017-05-24 17:44:41.871 DEBUG 3041 --- [restartedMain] o.s.w.s.h.BeanNameUrlHandlerMapping      : Rejected bean name 'org.springframework.boot.autoconfigure.web.EmbeddedServletContainerAutoConfiguration': no URL paths identified
2017-05-24 17:44:41.872 DEBUG 3041 --- [restartedMain] o.s.w.s.h.BeanNameUrlHandlerMapping      : Rejected bean name 'embeddedServletContainerCustomizerBeanPostProcessor': no URL paths identified
2017-05-24 17:44:41.872 DEBUG 3041 --- [restartedMain] o.s.w.s.h.BeanNameUrlHandlerMapping      : Rejected bean name 'errorPageRegistrarBeanPostProcessor': no URL paths identified
2017-05-24 17:44:41.872 DEBUG 3041 --- [restartedMain] o.s.w.s.h.BeanNameUrlHandlerMapping      : Rejected bean name 'org.springframework.boot.autoconfigure.web.DispatcherServletAutoConfiguration$DispatcherServletConfiguration': no URL paths identified
2017-05-24 17:44:41.872 DEBUG 3041 --- [restartedMain] o.s.w.s.h.BeanNameUrlHandlerMapping      : Rejected bean name 'dispatcherServlet': no URL paths identified
2017-05-24 17:44:41.872 DEBUG 3041 --- [restartedMain] o.s.w.s.h.BeanNameUrlHandlerMapping      : Rejected bean name 'spring.mvc-org.springframework.boot.autoconfigure.web.WebMvcProperties': no URL paths identified
2017-05-24 17:44:41.872 DEBUG 3041 --- [restartedMain] o.s.w.s.h.BeanNameUrlHandlerMapping      : Rejected bean name 'org.springframework.boot.autoconfigure.web.DispatcherServletAutoConfiguration$DispatcherServletRegistrationConfiguration': no URL paths identified
2017-05-24 17:44:41.872 DEBUG 3041 --- [restartedMain] o.s.w.s.h.BeanNameUrlHandlerMapping      : Rejected bean name 'dispatcherServletRegistration': no URL paths identified
2017-05-24 17:44:41.872 DEBUG 3041 --- [restartedMain] o.s.w.s.h.BeanNameUrlHandlerMapping      : Rejected bean name 'org.springframework.boot.autoconfigure.web.DispatcherServletAutoConfiguration': no URL paths identified
2017-05-24 17:44:41.872 DEBUG 3041 --- [restartedMain] o.s.w.s.h.BeanNameUrlHandlerMapping      : Rejected bean name 'org.springframework.boot.autoconfigure.validation.DefaultValidatorConfiguration': no URL paths identified
2017-05-24 17:44:41.872 DEBUG 3041 --- [restartedMain] o.s.w.s.h.BeanNameUrlHandlerMapping      : Rejected bean name 'defaultValidator': no URL paths identified
2017-05-24 17:44:41.872 DEBUG 3041 --- [restartedMain] o.s.w.s.h.BeanNameUrlHandlerMapping      : Rejected bean name 'org.springframework.boot.autoconfigure.validation.Jsr303ValidatorAdapterConfiguration': no URL paths identified
2017-05-24 17:44:41.872 DEBUG 3041 --- [restartedMain] o.s.w.s.h.BeanNameUrlHandlerMapping      : Rejected bean name 'org.springframework.boot.autoconfigure.validation.ValidationAutoConfiguration': no URL paths identified
2017-05-24 17:44:41.872 DEBUG 3041 --- [restartedMain] o.s.w.s.h.BeanNameUrlHandlerMapping      : Rejected bean name 'methodValidationPostProcessor': no URL paths identified
2017-05-24 17:44:41.872 DEBUG 3041 --- [restartedMain] o.s.w.s.h.BeanNameUrlHandlerMapping      : Rejected bean name 'org.springframework.boot.autoconfigure.web.ErrorMvcAutoConfiguration$WhitelabelErrorViewConfiguration': no URL paths identified
2017-05-24 17:44:41.872 DEBUG 3041 --- [restartedMain] o.s.w.s.h.BeanNameUrlHandlerMapping      : Rejected bean name 'error': no URL paths identified
2017-05-24 17:44:41.872 DEBUG 3041 --- [restartedMain] o.s.w.s.h.BeanNameUrlHandlerMapping      : Rejected bean name 'beanNameViewResolver': no URL paths identified
2017-05-24 17:44:41.873 DEBUG 3041 --- [restartedMain] o.s.w.s.h.BeanNameUrlHandlerMapping      : Rejected bean name 'org.springframework.boot.autoconfigure.web.ErrorMvcAutoConfiguration$DefaultErrorViewResolverConfiguration': no URL paths identified
2017-05-24 17:44:41.873 DEBUG 3041 --- [restartedMain] o.s.w.s.h.BeanNameUrlHandlerMapping      : Rejected bean name 'conventionErrorViewResolver': no URL paths identified
2017-05-24 17:44:41.873 DEBUG 3041 --- [restartedMain] o.s.w.s.h.BeanNameUrlHandlerMapping      : Rejected bean name 'org.springframework.boot.autoconfigure.web.ErrorMvcAutoConfiguration': no URL paths identified
2017-05-24 17:44:41.873 DEBUG 3041 --- [restartedMain] o.s.w.s.h.BeanNameUrlHandlerMapping      : Rejected bean name 'errorAttributes': no URL paths identified
2017-05-24 17:44:41.873 DEBUG 3041 --- [restartedMain] o.s.w.s.h.BeanNameUrlHandlerMapping      : Rejected bean name 'basicErrorController': no URL paths identified
2017-05-24 17:44:41.873 DEBUG 3041 --- [restartedMain] o.s.w.s.h.BeanNameUrlHandlerMapping      : Rejected bean name 'errorPageCustomizer': no URL paths identified
2017-05-24 17:44:41.873 DEBUG 3041 --- [restartedMain] o.s.w.s.h.BeanNameUrlHandlerMapping      : Rejected bean name 'preserveErrorControllerTargetClassPostProcessor': no URL paths identified
2017-05-24 17:44:41.873 DEBUG 3041 --- [restartedMain] o.s.w.s.h.BeanNameUrlHandlerMapping      : Rejected bean name 'spring.resources-org.springframework.boot.autoconfigure.web.ResourceProperties': no URL paths identified
2017-05-24 17:44:41.873 DEBUG 3041 --- [restartedMain] o.s.w.s.h.BeanNameUrlHandlerMapping      : Rejected bean name 'org.springframework.boot.autoconfigure.web.WebMvcAutoConfiguration$EnableWebMvcConfiguration': no URL paths identified
2017-05-24 17:44:41.873 DEBUG 3041 --- [restartedMain] o.s.w.s.h.BeanNameUrlHandlerMapping      : Rejected bean name 'requestMappingHandlerAdapter': no URL paths identified
2017-05-24 17:44:41.873 DEBUG 3041 --- [restartedMain] o.s.w.s.h.BeanNameUrlHandlerMapping      : Rejected bean name 'requestMappingHandlerMapping': no URL paths identified
2017-05-24 17:44:41.873 DEBUG 3041 --- [restartedMain] o.s.w.s.h.BeanNameUrlHandlerMapping      : Rejected bean name 'mvcContentNegotiationManager': no URL paths identified
2017-05-24 17:44:41.874 DEBUG 3041 --- [restartedMain] o.s.w.s.h.BeanNameUrlHandlerMapping      : Rejected bean name 'mvcPathMatcher': no URL paths identified
2017-05-24 17:44:41.874 DEBUG 3041 --- [restartedMain] o.s.w.s.h.BeanNameUrlHandlerMapping      : Rejected bean name 'mvcUrlPathHelper': no URL paths identified
2017-05-24 17:44:41.874 DEBUG 3041 --- [restartedMain] o.s.w.s.h.BeanNameUrlHandlerMapping      : Rejected bean name 'viewControllerHandlerMapping': no URL paths identified
2017-05-24 17:44:41.874 DEBUG 3041 --- [restartedMain] o.s.w.s.h.BeanNameUrlHandlerMapping      : Rejected bean name 'beanNameHandlerMapping': no URL paths identified
2017-05-24 17:44:41.874 DEBUG 3041 --- [restartedMain] o.s.w.s.h.BeanNameUrlHandlerMapping      : Rejected bean name 'resourceHandlerMapping': no URL paths identified
2017-05-24 17:44:41.874 DEBUG 3041 --- [restartedMain] o.s.w.s.h.BeanNameUrlHandlerMapping      : Rejected bean name 'mvcResourceUrlProvider': no URL paths identified
2017-05-24 17:44:41.874 DEBUG 3041 --- [restartedMain] o.s.w.s.h.BeanNameUrlHandlerMapping      : Rejected bean name 'defaultServletHandlerMapping': no URL paths identified
2017-05-24 17:44:41.874 DEBUG 3041 --- [restartedMain] o.s.w.s.h.BeanNameUrlHandlerMapping      : Rejected bean name 'mvcConversionService': no URL paths identified
2017-05-24 17:44:41.874 DEBUG 3041 --- [restartedMain] o.s.w.s.h.BeanNameUrlHandlerMapping      : Rejected bean name 'mvcUriComponentsContributor': no URL paths identified
2017-05-24 17:44:41.874 DEBUG 3041 --- [restartedMain] o.s.w.s.h.BeanNameUrlHandlerMapping      : Rejected bean name 'httpRequestHandlerAdapter': no URL paths identified
2017-05-24 17:44:41.874 DEBUG 3041 --- [restartedMain] o.s.w.s.h.BeanNameUrlHandlerMapping      : Rejected bean name 'simpleControllerHandlerAdapter': no URL paths identified
2017-05-24 17:44:41.874 DEBUG 3041 --- [restartedMain] o.s.w.s.h.BeanNameUrlHandlerMapping      : Rejected bean name 'handlerExceptionResolver': no URL paths identified
2017-05-24 17:44:41.874 DEBUG 3041 --- [restartedMain] o.s.w.s.h.BeanNameUrlHandlerMapping      : Rejected bean name 'mvcViewResolver': no URL paths identified
2017-05-24 17:44:41.874 DEBUG 3041 --- [restartedMain] o.s.w.s.h.BeanNameUrlHandlerMapping      : Rejected bean name 'org.springframework.boot.autoconfigure.web.WebMvcAutoConfiguration$WebMvcAutoConfigurationAdapter$FaviconConfiguration': no URL paths identified
2017-05-24 17:44:41.874 DEBUG 3041 --- [restartedMain] o.s.w.s.h.BeanNameUrlHandlerMapping      : Rejected bean name 'faviconHandlerMapping': no URL paths identified
2017-05-24 17:44:41.874 DEBUG 3041 --- [restartedMain] o.s.w.s.h.BeanNameUrlHandlerMapping      : Rejected bean name 'faviconRequestHandler': no URL paths identified
2017-05-24 17:44:41.874 DEBUG 3041 --- [restartedMain] o.s.w.s.h.BeanNameUrlHandlerMapping      : Rejected bean name 'org.springframework.boot.autoconfigure.web.WebMvcAutoConfiguration$WebMvcAutoConfigurationAdapter': no URL paths identified
2017-05-24 17:44:41.874 DEBUG 3041 --- [restartedMain] o.s.w.s.h.BeanNameUrlHandlerMapping      : Rejected bean name 'defaultViewResolver': no URL paths identified
2017-05-24 17:44:41.875 DEBUG 3041 --- [restartedMain] o.s.w.s.h.BeanNameUrlHandlerMapping      : Rejected bean name 'viewResolver': no URL paths identified
2017-05-24 17:44:41.875 DEBUG 3041 --- [restartedMain] o.s.w.s.h.BeanNameUrlHandlerMapping      : Rejected bean name 'welcomePageHandlerMapping': no URL paths identified
2017-05-24 17:44:41.875 DEBUG 3041 --- [restartedMain] o.s.w.s.h.BeanNameUrlHandlerMapping      : Rejected bean name 'requestContextFilter': no URL paths identified
2017-05-24 17:44:41.875 DEBUG 3041 --- [restartedMain] o.s.w.s.h.BeanNameUrlHandlerMapping      : Rejected bean name 'org.springframework.boot.autoconfigure.web.WebMvcAutoConfiguration': no URL paths identified
2017-05-24 17:44:41.875 DEBUG 3041 --- [restartedMain] o.s.w.s.h.BeanNameUrlHandlerMapping      : Rejected bean name 'hiddenHttpMethodFilter': no URL paths identified
2017-05-24 17:44:41.875 DEBUG 3041 --- [restartedMain] o.s.w.s.h.BeanNameUrlHandlerMapping      : Rejected bean name 'httpPutFormContentFilter': no URL paths identified
2017-05-24 17:44:41.875 DEBUG 3041 --- [restartedMain] o.s.w.s.h.BeanNameUrlHandlerMapping      : Rejected bean name 'org.springframework.boot.autoconfigure.jdbc.metadata.DataSourcePoolMetadataProvidersConfiguration$TomcatDataSourcePoolMetadataProviderConfiguration': no URL paths identified
2017-05-24 17:44:41.875 DEBUG 3041 --- [restartedMain] o.s.w.s.h.BeanNameUrlHandlerMapping      : Rejected bean name 'tomcatPoolDataSourceMetadataProvider': no URL paths identified
2017-05-24 17:44:41.875 DEBUG 3041 --- [restartedMain] o.s.w.s.h.BeanNameUrlHandlerMapping      : Rejected bean name 'org.springframework.boot.autoconfigure.jdbc.metadata.DataSourcePoolMetadataProvidersConfiguration': no URL paths identified
2017-05-24 17:44:41.875 DEBUG 3041 --- [restartedMain] o.s.w.s.h.BeanNameUrlHandlerMapping      : Rejected bean name 'org.springframework.boot.autoconfigure.jdbc.DataSourceAutoConfiguration': no URL paths identified
2017-05-24 17:44:41.875 DEBUG 3041 --- [restartedMain] o.s.w.s.h.BeanNameUrlHandlerMapping      : Rejected bean name 'dataSourceInitializer': no URL paths identified
2017-05-24 17:44:41.875 DEBUG 3041 --- [restartedMain] o.s.w.s.h.BeanNameUrlHandlerMapping      : Rejected bean name 'spring.datasource-org.springframework.boot.autoconfigure.jdbc.DataSourceProperties': no URL paths identified
2017-05-24 17:44:41.875 DEBUG 3041 --- [restartedMain] o.s.w.s.h.BeanNameUrlHandlerMapping      : Rejected bean name 'dataSourceInitializerPostProcessor': no URL paths identified
2017-05-24 17:44:41.875 DEBUG 3041 --- [restartedMain] o.s.w.s.h.BeanNameUrlHandlerMapping      : Rejected bean name 'org.mybatis.spring.boot.autoconfigure.MybatisAutoConfiguration$MapperScannerRegistrarNotFoundConfiguration': no URL paths identified
2017-05-24 17:44:41.875 DEBUG 3041 --- [restartedMain] o.s.w.s.h.BeanNameUrlHandlerMapping      : Rejected bean name 'rwAddressMapper': no URL paths identified
2017-05-24 17:44:41.875 DEBUG 3041 --- [restartedMain] o.s.w.s.h.BeanNameUrlHandlerMapping      : Rejected bean name 'org.mybatis.spring.boot.autoconfigure.MybatisAutoConfiguration': no URL paths identified
2017-05-24 17:44:41.875 DEBUG 3041 --- [restartedMain] o.s.w.s.h.BeanNameUrlHandlerMapping      : Rejected bean name 'sqlSessionFactory': no URL paths identified
2017-05-24 17:44:41.875 DEBUG 3041 --- [restartedMain] o.s.w.s.h.BeanNameUrlHandlerMapping      : Rejected bean name 'sqlSessionTemplate': no URL paths identified
2017-05-24 17:44:41.876 DEBUG 3041 --- [restartedMain] o.s.w.s.h.BeanNameUrlHandlerMapping      : Rejected bean name 'mybatis-org.mybatis.spring.boot.autoconfigure.MybatisProperties': no URL paths identified
2017-05-24 17:44:41.876 DEBUG 3041 --- [restartedMain] o.s.w.s.h.BeanNameUrlHandlerMapping      : Rejected bean name 'org.springframework.boot.autoconfigure.jmx.JmxAutoConfiguration': no URL paths identified
2017-05-24 17:44:41.876 DEBUG 3041 --- [restartedMain] o.s.w.s.h.BeanNameUrlHandlerMapping      : Rejected bean name 'mbeanExporter': no URL paths identified
2017-05-24 17:44:41.876 DEBUG 3041 --- [restartedMain] o.s.w.s.h.BeanNameUrlHandlerMapping      : Rejected bean name 'objectNamingStrategy': no URL paths identified
2017-05-24 17:44:41.876 DEBUG 3041 --- [restartedMain] o.s.w.s.h.BeanNameUrlHandlerMapping      : Rejected bean name 'mbeanServer': no URL paths identified
2017-05-24 17:44:41.876 DEBUG 3041 --- [restartedMain] o.s.w.s.h.BeanNameUrlHandlerMapping      : Rejected bean name 'org.springframework.boot.autoconfigure.aop.AopAutoConfiguration$JdkDynamicAutoProxyConfiguration': no URL paths identified
2017-05-24 17:44:41.876 DEBUG 3041 --- [restartedMain] o.s.w.s.h.BeanNameUrlHandlerMapping      : Rejected bean name 'org.springframework.boot.autoconfigure.aop.AopAutoConfiguration': no URL paths identified
2017-05-24 17:44:41.876 DEBUG 3041 --- [restartedMain] o.s.w.s.h.BeanNameUrlHandlerMapping      : Rejected bean name 'org.springframework.boot.autoconfigure.cache.EhCacheCacheConfiguration': no URL paths identified
2017-05-24 17:44:41.876 DEBUG 3041 --- [restartedMain] o.s.w.s.h.BeanNameUrlHandlerMapping      : Rejected bean name 'cacheManager': no URL paths identified
2017-05-24 17:44:41.876 DEBUG 3041 --- [restartedMain] o.s.w.s.h.BeanNameUrlHandlerMapping      : Rejected bean name 'ehCacheCacheManager': no URL paths identified
2017-05-24 17:44:41.876 DEBUG 3041 --- [restartedMain] o.s.w.s.h.BeanNameUrlHandlerMapping      : Rejected bean name 'org.springframework.boot.autoconfigure.cache.CacheAutoConfiguration': no URL paths identified
2017-05-24 17:44:41.876 DEBUG 3041 --- [restartedMain] o.s.w.s.h.BeanNameUrlHandlerMapping      : Rejected bean name 'cacheManagerCustomizers': no URL paths identified
2017-05-24 17:44:41.876 DEBUG 3041 --- [restartedMain] o.s.w.s.h.BeanNameUrlHandlerMapping      : Rejected bean name 'cacheAutoConfigurationValidatorPostProcessor': no URL paths identified
2017-05-24 17:44:41.876 DEBUG 3041 --- [restartedMain] o.s.w.s.h.BeanNameUrlHandlerMapping      : Rejected bean name 'cacheAutoConfigurationValidator': no URL paths identified
2017-05-24 17:44:41.876 DEBUG 3041 --- [restartedMain] o.s.w.s.h.BeanNameUrlHandlerMapping      : Rejected bean name 'spring.cache-org.springframework.boot.autoconfigure.cache.CacheProperties': no URL paths identified
2017-05-24 17:44:41.876 DEBUG 3041 --- [restartedMain] o.s.w.s.h.BeanNameUrlHandlerMapping      : Rejected bean name 'org.springframework.boot.autoconfigure.context.ConfigurationPropertiesAutoConfiguration': no URL paths identified
2017-05-24 17:44:41.876 DEBUG 3041 --- [restartedMain] o.s.w.s.h.BeanNameUrlHandlerMapping      : Rejected bean name 'org.springframework.boot.autoconfigure.dao.PersistenceExceptionTranslationAutoConfiguration': no URL paths identified
2017-05-24 17:44:41.876 DEBUG 3041 --- [restartedMain] o.s.w.s.h.BeanNameUrlHandlerMapping      : Rejected bean name 'persistenceExceptionTranslationPostProcessor': no URL paths identified
2017-05-24 17:44:41.877 DEBUG 3041 --- [restartedMain] o.s.w.s.h.BeanNameUrlHandlerMapping      : Rejected bean name 'org.springframework.boot.autoconfigure.web.HttpMessageConvertersAutoConfiguration$StringHttpMessageConverterConfiguration': no URL paths identified
2017-05-24 17:44:41.877 DEBUG 3041 --- [restartedMain] o.s.w.s.h.BeanNameUrlHandlerMapping      : Rejected bean name 'stringHttpMessageConverter': no URL paths identified
2017-05-24 17:44:41.877 DEBUG 3041 --- [restartedMain] o.s.w.s.h.BeanNameUrlHandlerMapping      : Rejected bean name 'spring.http.encoding-org.springframework.boot.autoconfigure.web.HttpEncodingProperties': no URL paths identified
2017-05-24 17:44:41.877 DEBUG 3041 --- [restartedMain] o.s.w.s.h.BeanNameUrlHandlerMapping      : Rejected bean name 'org.springframework.boot.autoconfigure.web.JacksonHttpMessageConvertersConfiguration$MappingJackson2HttpMessageConverterConfiguration': no URL paths identified
2017-05-24 17:44:41.877 DEBUG 3041 --- [restartedMain] o.s.w.s.h.BeanNameUrlHandlerMapping      : Rejected bean name 'mappingJackson2HttpMessageConverter': no URL paths identified
2017-05-24 17:44:41.877 DEBUG 3041 --- [restartedMain] o.s.w.s.h.BeanNameUrlHandlerMapping      : Rejected bean name 'org.springframework.boot.autoconfigure.web.JacksonHttpMessageConvertersConfiguration': no URL paths identified
2017-05-24 17:44:41.877 DEBUG 3041 --- [restartedMain] o.s.w.s.h.BeanNameUrlHandlerMapping      : Rejected bean name 'org.springframework.boot.autoconfigure.web.HttpMessageConvertersAutoConfiguration': no URL paths identified
2017-05-24 17:44:41.877 DEBUG 3041 --- [restartedMain] o.s.w.s.h.BeanNameUrlHandlerMapping      : Rejected bean name 'messageConverters': no URL paths identified
2017-05-24 17:44:41.877 DEBUG 3041 --- [restartedMain] o.s.w.s.h.BeanNameUrlHandlerMapping      : Rejected bean name 'org.springframework.boot.autoconfigure.info.ProjectInfoAutoConfiguration': no URL paths identified
2017-05-24 17:44:41.877 DEBUG 3041 --- [restartedMain] o.s.w.s.h.BeanNameUrlHandlerMapping      : Rejected bean name 'spring.info-org.springframework.boot.autoconfigure.info.ProjectInfoProperties': no URL paths identified
2017-05-24 17:44:41.877 DEBUG 3041 --- [restartedMain] o.s.w.s.h.BeanNameUrlHandlerMapping      : Rejected bean name 'org.springframework.boot.autoconfigure.jdbc.DataSourceTransactionManagerAutoConfiguration$DataSourceTransactionManagerConfiguration': no URL paths identified
2017-05-24 17:44:41.877 DEBUG 3041 --- [restartedMain] o.s.w.s.h.BeanNameUrlHandlerMapping      : Rejected bean name 'transactionManager': no URL paths identified
2017-05-24 17:44:41.877 DEBUG 3041 --- [restartedMain] o.s.w.s.h.BeanNameUrlHandlerMapping      : Rejected bean name 'org.springframework.boot.autoconfigure.jdbc.DataSourceTransactionManagerAutoConfiguration': no URL paths identified
2017-05-24 17:44:41.877 DEBUG 3041 --- [restartedMain] o.s.w.s.h.BeanNameUrlHandlerMapping      : Rejected bean name 'org.springframework.boot.autoconfigure.jdbc.JdbcTemplateAutoConfiguration': no URL paths identified
2017-05-24 17:44:41.877 DEBUG 3041 --- [restartedMain] o.s.w.s.h.BeanNameUrlHandlerMapping      : Rejected bean name 'namedParameterJdbcTemplate': no URL paths identified
2017-05-24 17:44:41.877 DEBUG 3041 --- [restartedMain] o.s.w.s.h.BeanNameUrlHandlerMapping      : Rejected bean name 'org.springframework.boot.autoconfigure.transaction.TransactionAutoConfiguration$TransactionTemplateConfiguration': no URL paths identified
2017-05-24 17:44:41.877 DEBUG 3041 --- [restartedMain] o.s.w.s.h.BeanNameUrlHandlerMapping      : Rejected bean name 'transactionTemplate': no URL paths identified
2017-05-24 17:44:41.877 DEBUG 3041 --- [restartedMain] o.s.w.s.h.BeanNameUrlHandlerMapping      : Rejected bean name 'org.springframework.boot.autoconfigure.transaction.TransactionAutoConfiguration': no URL paths identified
2017-05-24 17:44:41.877 DEBUG 3041 --- [restartedMain] o.s.w.s.h.BeanNameUrlHandlerMapping      : Rejected bean name 'platformTransactionManagerCustomizers': no URL paths identified
2017-05-24 17:44:41.878 DEBUG 3041 --- [restartedMain] o.s.w.s.h.BeanNameUrlHandlerMapping      : Rejected bean name 'spring.transaction-org.springframework.boot.autoconfigure.transaction.TransactionProperties': no URL paths identified
2017-05-24 17:44:41.878 DEBUG 3041 --- [restartedMain] o.s.w.s.h.BeanNameUrlHandlerMapping      : Rejected bean name 'org.springframework.boot.autoconfigure.web.HttpEncodingAutoConfiguration': no URL paths identified
2017-05-24 17:44:41.878 DEBUG 3041 --- [restartedMain] o.s.w.s.h.BeanNameUrlHandlerMapping      : Rejected bean name 'characterEncodingFilter': no URL paths identified
2017-05-24 17:44:41.878 DEBUG 3041 --- [restartedMain] o.s.w.s.h.BeanNameUrlHandlerMapping      : Rejected bean name 'localeCharsetMappingsCustomizer': no URL paths identified
2017-05-24 17:44:41.878 DEBUG 3041 --- [restartedMain] o.s.w.s.h.BeanNameUrlHandlerMapping      : Rejected bean name 'org.springframework.boot.autoconfigure.web.MultipartAutoConfiguration': no URL paths identified
2017-05-24 17:44:41.878 DEBUG 3041 --- [restartedMain] o.s.w.s.h.BeanNameUrlHandlerMapping      : Rejected bean name 'multipartConfigElement': no URL paths identified
2017-05-24 17:44:41.878 DEBUG 3041 --- [restartedMain] o.s.w.s.h.BeanNameUrlHandlerMapping      : Rejected bean name 'multipartResolver': no URL paths identified
2017-05-24 17:44:41.878 DEBUG 3041 --- [restartedMain] o.s.w.s.h.BeanNameUrlHandlerMapping      : Rejected bean name 'spring.http.multipart-org.springframework.boot.autoconfigure.web.MultipartProperties': no URL paths identified
2017-05-24 17:44:41.878 DEBUG 3041 --- [restartedMain] o.s.w.s.h.BeanNameUrlHandlerMapping      : Rejected bean name 'org.springframework.boot.autoconfigure.web.ServerPropertiesAutoConfiguration': no URL paths identified
2017-05-24 17:44:41.878 DEBUG 3041 --- [restartedMain] o.s.w.s.h.BeanNameUrlHandlerMapping      : Rejected bean name 'serverProperties': no URL paths identified
2017-05-24 17:44:41.878 DEBUG 3041 --- [restartedMain] o.s.w.s.h.BeanNameUrlHandlerMapping      : Rejected bean name 'duplicateServerPropertiesDetector': no URL paths identified
2017-05-24 17:44:41.878 DEBUG 3041 --- [restartedMain] o.s.w.s.h.BeanNameUrlHandlerMapping      : Rejected bean name 'org.springframework.boot.autoconfigure.web.WebClientAutoConfiguration$RestTemplateConfiguration': no URL paths identified
2017-05-24 17:44:41.878 DEBUG 3041 --- [restartedMain] o.s.w.s.h.BeanNameUrlHandlerMapping      : Rejected bean name 'restTemplateBuilder': no URL paths identified
2017-05-24 17:44:41.878 DEBUG 3041 --- [restartedMain] o.s.w.s.h.BeanNameUrlHandlerMapping      : Rejected bean name 'org.springframework.boot.autoconfigure.web.WebClientAutoConfiguration': no URL paths identified
2017-05-24 17:44:41.878 DEBUG 3041 --- [restartedMain] o.s.w.s.h.BeanNameUrlHandlerMapping      : Rejected bean name 'org.springframework.boot.devtools.autoconfigure.LocalDevToolsAutoConfiguration$RestartConfiguration': no URL paths identified
2017-05-24 17:44:41.878 DEBUG 3041 --- [restartedMain] o.s.w.s.h.BeanNameUrlHandlerMapping      : Rejected bean name 'classPathFileSystemWatcher': no URL paths identified
2017-05-24 17:44:41.878 DEBUG 3041 --- [restartedMain] o.s.w.s.h.BeanNameUrlHandlerMapping      : Rejected bean name 'classPathRestartStrategy': no URL paths identified
2017-05-24 17:44:41.878 DEBUG 3041 --- [restartedMain] o.s.w.s.h.BeanNameUrlHandlerMapping      : Rejected bean name 'hateoasObjenesisCacheDisabler': no URL paths identified
2017-05-24 17:44:41.878 DEBUG 3041 --- [restartedMain] o.s.w.s.h.BeanNameUrlHandlerMapping      : Rejected bean name 'fileSystemWatcherFactory': no URL paths identified
2017-05-24 17:44:41.878 DEBUG 3041 --- [restartedMain] o.s.w.s.h.BeanNameUrlHandlerMapping      : Rejected bean name 'org.springframework.boot.devtools.autoconfigure.LocalDevToolsAutoConfiguration$LiveReloadConfiguration': no URL paths identified
2017-05-24 17:44:41.878 DEBUG 3041 --- [restartedMain] o.s.w.s.h.BeanNameUrlHandlerMapping      : Rejected bean name 'liveReloadServer': no URL paths identified
2017-05-24 17:44:41.878 DEBUG 3041 --- [restartedMain] o.s.w.s.h.BeanNameUrlHandlerMapping      : Rejected bean name 'optionalLiveReloadServer': no URL paths identified
2017-05-24 17:44:41.878 DEBUG 3041 --- [restartedMain] o.s.w.s.h.BeanNameUrlHandlerMapping      : Rejected bean name 'org.springframework.boot.devtools.autoconfigure.LocalDevToolsAutoConfiguration': no URL paths identified
2017-05-24 17:44:41.878 DEBUG 3041 --- [restartedMain] o.s.w.s.h.BeanNameUrlHandlerMapping      : Rejected bean name 'spring.devtools-org.springframework.boot.devtools.autoconfigure.DevToolsProperties': no URL paths identified
2017-05-24 17:44:41.878 DEBUG 3041 --- [restartedMain] o.s.w.s.h.BeanNameUrlHandlerMapping      : Rejected bean name 'autoConfigurationReport': no URL paths identified
2017-05-24 17:44:41.878 DEBUG 3041 --- [restartedMain] o.s.w.s.h.BeanNameUrlHandlerMapping      : Rejected bean name 'springApplicationArguments': no URL paths identified
2017-05-24 17:44:41.878 DEBUG 3041 --- [restartedMain] o.s.w.s.h.BeanNameUrlHandlerMapping      : Rejected bean name 'springBootBanner': no URL paths identified
2017-05-24 17:44:41.879 DEBUG 3041 --- [restartedMain] o.s.w.s.h.BeanNameUrlHandlerMapping      : Rejected bean name 'springBootLoggingSystem': no URL paths identified
2017-05-24 17:44:41.879 DEBUG 3041 --- [restartedMain] o.s.w.s.h.BeanNameUrlHandlerMapping      : Rejected bean name 'environment': no URL paths identified
2017-05-24 17:44:41.879 DEBUG 3041 --- [restartedMain] o.s.w.s.h.BeanNameUrlHandlerMapping      : Rejected bean name 'systemProperties': no URL paths identified
2017-05-24 17:44:41.879 DEBUG 3041 --- [restartedMain] o.s.w.s.h.BeanNameUrlHandlerMapping      : Rejected bean name 'systemEnvironment': no URL paths identified
2017-05-24 17:44:41.879 DEBUG 3041 --- [restartedMain] o.s.w.s.h.BeanNameUrlHandlerMapping      : Rejected bean name 'org.springframework.context.annotation.ConfigurationClassPostProcessor.importRegistry': no URL paths identified
2017-05-24 17:44:41.879 DEBUG 3041 --- [restartedMain] o.s.w.s.h.BeanNameUrlHandlerMapping      : Rejected bean name 'messageSource': no URL paths identified
2017-05-24 17:44:41.879 DEBUG 3041 --- [restartedMain] o.s.w.s.h.BeanNameUrlHandlerMapping      : Rejected bean name 'applicationEventMulticaster': no URL paths identified
2017-05-24 17:44:41.879 DEBUG 3041 --- [restartedMain] o.s.w.s.h.BeanNameUrlHandlerMapping      : Rejected bean name 'servletContext': no URL paths identified
2017-05-24 17:44:41.879 DEBUG 3041 --- [restartedMain] o.s.w.s.h.BeanNameUrlHandlerMapping      : Rejected bean name 'contextParameters': no URL paths identified
2017-05-24 17:44:41.879 DEBUG 3041 --- [restartedMain] o.s.w.s.h.BeanNameUrlHandlerMapping      : Rejected bean name 'contextAttributes': no URL paths identified
2017-05-24 17:44:41.887  INFO 3041 --- [restartedMain] o.s.w.s.handler.SimpleUrlHandlerMapping  : Mapped URL path [/webjars/**] onto handler of type [class org.springframework.web.servlet.resource.ResourceHttpRequestHandler]
2017-05-24 17:44:41.888  INFO 3041 --- [restartedMain] o.s.w.s.handler.SimpleUrlHandlerMapping  : Mapped URL path [/**] onto handler of type [class org.springframework.web.servlet.resource.ResourceHttpRequestHandler]
2017-05-24 17:44:41.898 DEBUG 3041 --- [restartedMain] .m.m.a.ExceptionHandlerExceptionResolver : Looking for exception mappings: org.springframework.boot.context.embedded.AnnotationConfigEmbeddedWebApplicationContext@86617ae: startup date [Wed May 24 17:44:34 CST 2017]; root of context hierarchy
2017-05-24 17:44:41.919  INFO 3041 --- [restartedMain] o.s.w.s.handler.SimpleUrlHandlerMapping  : Mapped URL path [/**/favicon.ico] onto handler of type [class org.springframework.web.servlet.resource.ResourceHttpRequestHandler]
2017-05-24 17:44:42.103  INFO 3041 --- [restartedMain] o.s.b.d.a.OptionalLiveReloadServer       : LiveReload server is running on port 35729
2017-05-24 17:44:42.212  INFO 3041 --- [restartedMain] o.s.j.e.a.AnnotationMBeanExporter        : Registering beans for JMX exposure on startup
2017-05-24 17:44:42.214  INFO 3041 --- [restartedMain] o.s.j.e.a.AnnotationMBeanExporter        : Bean with name 'dataSource' has been autodetected for JMX exposure
2017-05-24 17:44:42.225  INFO 3041 --- [restartedMain] o.s.j.e.a.AnnotationMBeanExporter        : Located MBean 'dataSource': registering with JMX server as MBean [com.alibaba.druid.pool:name=dataSource,type=DruidDataSource]
2017-05-24 17:44:42.248 DEBUG 3041 --- [restartedMain] o.s.w.s.resource.ResourceUrlProvider     : Looking for resource handler mappings
2017-05-24 17:44:42.249 DEBUG 3041 --- [restartedMain] o.s.w.s.resource.ResourceUrlProvider     : Found resource handler mapping: URL pattern="/**/favicon.ico", locations=[ServletContext resource [/], class path resource [META-INF/resources/], class path resource [resources/], class path resource [static/], class path resource [public/], class path resource []], resolvers=[org.springframework.web.servlet.resource.PathResourceResolver@48f2b3e0]
2017-05-24 17:44:42.249 DEBUG 3041 --- [restartedMain] o.s.w.s.resource.ResourceUrlProvider     : Found resource handler mapping: URL pattern="/webjars/**", locations=[class path resource [META-INF/resources/webjars/]], resolvers=[org.springframework.web.servlet.resource.PathResourceResolver@79bc775a]
2017-05-24 17:44:42.249 DEBUG 3041 --- [restartedMain] o.s.w.s.resource.ResourceUrlProvider     : Found resource handler mapping: URL pattern="/**", locations=[ServletContext resource [/], class path resource [META-INF/resources/], class path resource [resources/], class path resource [static/], class path resource [public/]], resolvers=[org.springframework.web.servlet.resource.PathResourceResolver@51692941]
2017-05-24 17:44:42.255 DEBUG 3041 --- [restartedMain] o.s.web.servlet.DispatcherServlet        : Initializing servlet 'dispatcherServlet'
2017-05-24 17:44:42.256  INFO 3041 --- [restartedMain] o.e.j.s.h.ContextHandler.application     : Initializing Spring FrameworkServlet 'dispatcherServlet'
2017-05-24 17:44:42.256  INFO 3041 --- [restartedMain] o.s.web.servlet.DispatcherServlet        : FrameworkServlet 'dispatcherServlet': initialization started
2017-05-24 17:44:42.257 DEBUG 3041 --- [restartedMain] o.s.web.servlet.DispatcherServlet        : Using MultipartResolver [org.springframework.web.multipart.support.StandardServletMultipartResolver@ed3d86f]
2017-05-24 17:44:42.260 DEBUG 3041 --- [restartedMain] o.s.web.servlet.DispatcherServlet        : Unable to locate LocaleResolver with name 'localeResolver': using default [org.springframework.web.servlet.i18n.AcceptHeaderLocaleResolver@6ec82a9]
2017-05-24 17:44:42.263 DEBUG 3041 --- [restartedMain] o.s.web.servlet.DispatcherServlet        : Unable to locate ThemeResolver with name 'themeResolver': using default [org.springframework.web.servlet.theme.FixedThemeResolver@30b8091d]
2017-05-24 17:44:42.267 DEBUG 3041 --- [restartedMain] o.s.web.servlet.DispatcherServlet        : Unable to locate RequestToViewNameTranslator with name 'viewNameTranslator': using default [org.springframework.web.servlet.view.DefaultRequestToViewNameTranslator@760bc5fb]
2017-05-24 17:44:42.272 DEBUG 3041 --- [restartedMain] o.s.web.servlet.DispatcherServlet        : Unable to locate FlashMapManager with name 'flashMapManager': using default [org.springframework.web.servlet.support.SessionFlashMapManager@575c9799]
2017-05-24 17:44:42.272 DEBUG 3041 --- [restartedMain] o.s.web.servlet.DispatcherServlet        : Published WebApplicationContext of servlet 'dispatcherServlet' as ServletContext attribute with name [org.springframework.web.servlet.FrameworkServlet.CONTEXT.dispatcherServlet]
2017-05-24 17:44:42.272  INFO 3041 --- [restartedMain] o.s.web.servlet.DispatcherServlet        : FrameworkServlet 'dispatcherServlet': initialization completed in 15 ms
2017-05-24 17:44:42.272 DEBUG 3041 --- [restartedMain] o.s.web.servlet.DispatcherServlet        : Servlet 'dispatcherServlet' configured successfully
2017-05-24 17:44:42.304  INFO 3041 --- [restartedMain] o.e.jetty.server.AbstractConnector       : Started ServerConnector@3f41c8ad{HTTP/1.1,[http/1.1]}{0.0.0.0:8089}
2017-05-24 17:44:42.307  INFO 3041 --- [restartedMain] .s.b.c.e.j.JettyEmbeddedServletContainer : Jetty started on port(s) 8089 (http/1.1)
2017-05-24 17:44:42.308 DEBUG 3041 --- [restartedMain] o.s.w.c.s.StandardServletEnvironment     : Adding [server.ports] PropertySource with highest search precedence
2017-05-24 17:44:42.314  INFO 3041 --- [restartedMain] cn.reawei.api.ApiReaweiApplication       : Started ApiReaweiApplication in 17.932 seconds (JVM running for 18.416)
2017-05-24 17:44:52.681 DEBUG 3041 --- [qtp420896899-20] o.s.web.servlet.DispatcherServlet        : DispatcherServlet with name 'dispatcherServlet' processing GET request for [/user]
2017-05-24 17:44:52.684 DEBUG 3041 --- [qtp420896899-20] s.w.s.m.m.a.RequestMappingHandlerMapping : Looking up handler method for path /user
2017-05-24 17:44:52.689 DEBUG 3041 --- [qtp420896899-20] s.w.s.m.m.a.RequestMappingHandlerMapping : Returning handler method [public java.lang.String cn.reawei.api.controller.DemoController.getAddress()]
2017-05-24 17:44:52.690 DEBUG 3041 --- [qtp420896899-20] o.s.web.servlet.DispatcherServlet        : Last-Modified value for [/user] is: -1
2017-05-24 17:44:52.747  INFO 3041 --- [qtp420896899-20] com.alibaba.druid.pool.DruidDataSource   : {dataSource-1} inited
2017-05-24 17:44:53.558 DEBUG 3041 --- [qtp420896899-20] m.m.a.RequestResponseBodyMethodProcessor : Written [[{"address":"","createTime":1493469801000,"description":"","id":1,"memberId":1,"mobile":"18679202270","modifyTime":1493469803000,"postcode":"000000"}]] as "text/html" using [org.springframework.http.converter.StringHttpMessageConverter@164eaa84]
2017-05-24 17:44:53.559 DEBUG 3041 --- [qtp420896899-20] o.s.web.servlet.DispatcherServlet        : Null ModelAndView returned to DispatcherServlet with name 'dispatcherServlet': assuming HandlerAdapter completed request handling
2017-05-24 17:44:53.559 DEBUG 3041 --- [qtp420896899-20] o.s.web.servlet.DispatcherServlet        : Successfully completed request
2017-05-24 17:45:01.154 DEBUG 3041 --- [qtp420896899-25] o.s.web.servlet.DispatcherServlet        : DispatcherServlet with name 'dispatcherServlet' processing GET request for [/user.j]
2017-05-24 17:45:01.154 DEBUG 3041 --- [qtp420896899-25] s.w.s.m.m.a.RequestMappingHandlerMapping : Looking up handler method for path /user.j
2017-05-24 17:45:01.158 DEBUG 3041 --- [qtp420896899-25] s.w.s.m.m.a.RequestMappingHandlerMapping : Returning handler method [public java.lang.String cn.reawei.api.controller.DemoController.getAddress()]
2017-05-24 17:45:01.159 DEBUG 3041 --- [qtp420896899-25] o.s.web.servlet.DispatcherServlet        : Last-Modified value for [/user.j] is: -1
2017-05-24 17:45:01.174 DEBUG 3041 --- [qtp420896899-25] m.m.a.RequestResponseBodyMethodProcessor : Written [[{"address":"","createTime":1493469801000,"description":"","id":1,"memberId":1,"mobile":"18679202270","modifyTime":1493469803000,"postcode":"000000"}]] as "text/html" using [org.springframework.http.converter.StringHttpMessageConverter@164eaa84]
2017-05-24 17:45:01.174 DEBUG 3041 --- [qtp420896899-25] o.s.web.servlet.DispatcherServlet        : Null ModelAndView returned to DispatcherServlet with name 'dispatcherServlet': assuming HandlerAdapter completed request handling
2017-05-24 17:45:01.174 DEBUG 3041 --- [qtp420896899-25] o.s.web.servlet.DispatcherServlet        : Successfully completed request
2017-05-24 17:45:05.314 DEBUG 3041 --- [qtp420896899-45] o.s.web.servlet.DispatcherServlet        : DispatcherServlet with name 'dispatcherServlet' processing GET request for [/user.html]
2017-05-24 17:45:05.314 DEBUG 3041 --- [qtp420896899-45] s.w.s.m.m.a.RequestMappingHandlerMapping : Looking up handler method for path /user.html
2017-05-24 17:45:05.315 DEBUG 3041 --- [qtp420896899-45] s.w.s.m.m.a.RequestMappingHandlerMapping : Returning handler method [public java.lang.String cn.reawei.api.controller.DemoController.getAddress()]
2017-05-24 17:45:05.315 DEBUG 3041 --- [qtp420896899-45] o.s.web.servlet.DispatcherServlet        : Last-Modified value for [/user.html] is: -1
2017-05-24 17:45:05.331 DEBUG 3041 --- [qtp420896899-45] m.m.a.RequestResponseBodyMethodProcessor : Written [[{"address":"","createTime":1493469801000,"description":"","id":1,"memberId":1,"mobile":"18679202270","modifyTime":1493469803000,"postcode":"000000"}]] as "text/html" using [org.springframework.http.converter.StringHttpMessageConverter@164eaa84]
2017-05-24 17:45:05.331 DEBUG 3041 --- [qtp420896899-45] o.s.web.servlet.DispatcherServlet        : Null ModelAndView returned to DispatcherServlet with name 'dispatcherServlet': assuming HandlerAdapter completed request handling
2017-05-24 17:45:05.331 DEBUG 3041 --- [qtp420896899-45] o.s.web.servlet.DispatcherServlet        : Successfully completed request
2017-05-24 17:45:28.731  INFO 3041 --- [Thread-27] ationConfigEmbeddedWebApplicationContext : Closing org.springframework.boot.context.embedded.AnnotationConfigEmbeddedWebApplicationContext@86617ae: startup date [Wed May 24 17:44:34 CST 2017]; root of context hierarchy
2017-05-24 17:45:28.733  INFO 3041 --- [Thread-27] o.s.j.e.a.AnnotationMBeanExporter        : Unregistering JMX-exposed beans on shutdown
2017-05-24 17:45:28.733  INFO 3041 --- [Thread-27] o.s.j.e.a.AnnotationMBeanExporter        : Unregistering JMX-exposed beans
2017-05-24 17:45:28.739  INFO 3041 --- [Thread-27] com.alibaba.druid.pool.DruidDataSource   : {dataSource-1} closed
2017-05-24 17:45:28.746  INFO 3041 --- [Thread-27] o.e.jetty.server.AbstractConnector       : Stopped ServerConnector@3f41c8ad{HTTP/1.1,[http/1.1]}{0.0.0.0:8089}
2017-05-24 17:45:28.747  INFO 3041 --- [Thread-27] org.eclipse.jetty.server.session         : Stopped scavenging
2017-05-24 17:45:28.750  INFO 3041 --- [Thread-27] o.e.j.s.h.ContextHandler.application     : Destroying Spring FrameworkServlet 'dispatcherServlet'
2017-05-24 17:45:28.751  INFO 3041 --- [Thread-27] o.e.jetty.server.handler.ContextHandler  : Stopped o.s.b.c.e.j.JettyEmbeddedWebAppContext@5837ca7{/,[file:///private/var/folders/rl/6by5yf8n4xg7_dbzp9186sq00000gn/T/jetty-docbase.944916348251305197.8089/],UNAVAILABLE}
